Using pre-set license
Built from '2020.2/release' branch; Version is '2020.2.4f1 (becced5a802b) revision 12504301'; Using compiler version '192528614'; Build Type 'Release'
OS: 'Windows 10 Pro; OS build 19041.804; Version 2004; 64bit' Language: 'fr' Physical Memory: 16333 MB
BatchMode: 1, IsHumanControllingUs: 0, StartBugReporterOnCrash: 0, Is64bit: 1, IsPro: 0

 COMMAND LINE ARGUMENTS:
C:\Program Files\Unity\Hub\Editor\2020.2.4f1\Editor\Unity.exe
-adb2
-batchMode
-noUpm
-name
AssetImportWorker2
-projectPath
C:/GUESS OR DIE
-logFile
Logs/AssetImportWorker2.log
-srvPort
59378
Successfully changed project path to: C:/GUESS OR DIE
C:/GUESS OR DIE
Using Asset Import Pipeline V2.
Refreshing native plugins compatible for Editor in 259.18 ms, found 0 plugins.
Preloading 0 native plugins for Editor in 0.00 ms.
Initialize engine version: 2020.2.4f1 (becced5a802b)
[Subsystems] Discovering subsystems at path C:/Program Files/Unity/Hub/Editor/2020.2.4f1/Editor/Data/Resources/UnitySubsystems
[Subsystems] Discovering subsystems at path C:/GUESS OR DIE/Assets
GfxDevice: creating device client; threaded=0
Direct3D:
    Version:  Direct3D 11.0 [level 11.1]
    Renderer: NVIDIA GeForce GTX 1660 Ti (ID=0x2182)
    Vendor:   
    VRAM:     5991 MB
    Driver:   27.21.14.5751
Initialize mono
Mono path[0] = 'C:/Program Files/Unity/Hub/Editor/2020.2.4f1/Editor/Data/Managed'
Mono path[1] = 'C:/Program Files/Unity/Hub/Editor/2020.2.4f1/Editor/Data/MonoBleedingEdge/lib/mono/unityjit'
Mono config path = 'C:/Program Files/Unity/Hub/Editor/2020.2.4f1/Editor/Data/MonoBleedingEdge/etc'
Using monoOptions --debugger-agent=transport=dt_socket,embedding=1,server=y,suspend=n,address=127.0.0.1:56388
Begin MonoManager ReloadAssembly
Registering precompiled unity dll's ...
Register platform support module: C:/Program Files/Unity/Hub/Editor/2020.2.4f1/Editor/Data/PlaybackEngines/WindowsStandaloneSupport/UnityEditor.WindowsStandalone.Extensions.dll
Registered in 0.005258 seconds.
Native extension for WindowsStandalone target not found
Refreshing native plugins compatible for Editor in 114.18 ms, found 0 plugins.
Preloading 0 native plugins for Editor in 0.00 ms.
Invoked RoslynAnalysisRunner static constructor.
RoslynAnalysisRunner will not be running.
RoslynAnalysisRunner has terminated.
Mono: successfully reloaded assembly
- Completed reload, in  2.124 seconds
Platform modules already initialized, skipping
Registering precompiled user dll's ...
Registered in 0.005957 seconds.
Begin MonoManager ReloadAssembly
Native extension for WindowsStandalone target not found
Refreshing native plugins compatible for Editor in 121.31 ms, found 0 plugins.
Preloading 0 native plugins for Editor in 0.00 ms.
Invoked RoslynAnalysisRunner static constructor.
RoslynAnalysisRunner will not be running.
RoslynAnalysisRunner has terminated.
Mono: successfully reloaded assembly
- Completed reload, in  2.485 seconds
Platform modules already initialized, skipping
========================================================================
Worker process is ready to serve import requests
Launched and connected shader compiler UnityShaderCompiler.exe after 0.06 seconds
Refreshing native plugins compatible for Editor in 1.68 ms, found 0 plugins.
Preloading 0 native plugins for Editor in 0.00 ms.
Unloading 3566 Unused Serialized files (Serialized files now loaded: 0)
System memory in use before: 175.0 MB.
System memory in use after: 175.2 MB.

Unloading 11 unused Assets to reduce memory usage. Loaded Objects now: 4033.
Total: 2.885100 ms (FindLiveObjects: 0.434300 ms CreateObjectMapping: 0.227100 ms MarkObjects: 2.104700 ms  DeleteObjects: 0.117300 ms)

========================================================================
Received Import Request.
  path: Assets/Zombie/Prefabs
  artifactKey: Guid(62092c25312055548a5b415184883759) Importer(815301076,1909f56bfc062723c751e8b465ee728b)
Start importing Assets/Zombie/Prefabs using Guid(62092c25312055548a5b415184883759) Importer(815301076,1909f56bfc062723c751e8b465ee728b)  -> (artifact id: '8d544b2a990589f6da76f5315ae8332c') in 0.008748 seconds
  Import took 0.015411 seconds .

========================================================================
Received Import Request.
  Time since last request: 0.000264 seconds.
  path: Assets/Zombie/Animations/Zombie@Z_Walk1.FBX
  artifactKey: Guid(1d31b4476a14a0246b2e0f023e8877fe) Importer(815301076,1909f56bfc062723c751e8b465ee728b)
Start importing Assets/Zombie/Animations/Zombie@Z_Walk1.FBX using Guid(1d31b4476a14a0246b2e0f023e8877fe) Importer(815301076,1909f56bfc062723c751e8b465ee728b)  -> (artifact id: 'a4cc82fa054f5c7a78bff68c3d3ad1fa') in 0.434548 seconds
  Import took 0.441801 seconds .

========================================================================
Received Import Request.
  Time since last request: 0.000288 seconds.
  path: Assets/Zombie/Animations/Zombie@Z_Walk_InPlace.FBX
  artifactKey: Guid(165698eac7ca81041ad603fc5a3afa55) Importer(815301076,1909f56bfc062723c751e8b465ee728b)
Start importing Assets/Zombie/Animations/Zombie@Z_Walk_InPlace.FBX using Guid(165698eac7ca81041ad603fc5a3afa55) Importer(815301076,1909f56bfc062723c751e8b465ee728b)  -> (artifact id: '72ed3541c14128ac8a31bc6e9207cdbb') in 0.369014 seconds
  Import took 0.379558 seconds .

========================================================================
Received Import Request.
  Time since last request: 0.000255 seconds.
  path: Assets/Zombie/Animations/Zombie@Z_Run.FBX
  artifactKey: Guid(55edd2c9d257d3f4481dfd16015bf8c1) Importer(815301076,1909f56bfc062723c751e8b465ee728b)
Start importing Assets/Zombie/Animations/Zombie@Z_Run.FBX using Guid(55edd2c9d257d3f4481dfd16015bf8c1) Importer(815301076,1909f56bfc062723c751e8b465ee728b)  -> (artifact id: '73955064a5a9c012958193dcf7a09d1b') in 0.176885 seconds
  Import took 0.185789 seconds .

========================================================================
Received Import Request.
  Time since last request: 0.000282 seconds.
  path: Assets/Zombie/Animations/Zombie.controller
  artifactKey: Guid(2ef8e6599b7f9934e8ff0d64c5325a1f) Importer(815301076,1909f56bfc062723c751e8b465ee728b)
Start importing Assets/Zombie/Animations/Zombie.controller using Guid(2ef8e6599b7f9934e8ff0d64c5325a1f) Importer(815301076,1909f56bfc062723c751e8b465ee728b)  -> (artifact id: '3488d183f5023856fe8051334eb0ce48') in 0.086817 seconds
  Import took 0.093440 seconds .

========================================================================
Received Import Request.
  Time since last request: 0.000308 seconds.
  path: Assets/Zombie/Animations/Zombie@Z_Walk.FBX
  artifactKey: Guid(59dbfb66512f63c4eb6e1e30e0603198) Importer(815301076,1909f56bfc062723c751e8b465ee728b)
Start importing Assets/Zombie/Animations/Zombie@Z_Walk.FBX using Guid(59dbfb66512f63c4eb6e1e30e0603198) Importer(815301076,1909f56bfc062723c751e8b465ee728b)  -> (artifact id: 'b34aa569efeab8fc61e911a491c4f40c') in 0.170537 seconds
  Import took 0.178296 seconds .

========================================================================
Received Import Request.
  Time since last request: 0.000299 seconds.
  path: Assets/Zombie/Animations/Zombie@Z_Attack.FBX
  artifactKey: Guid(631762b9a30b33a42836730a6b37d13f) Importer(815301076,1909f56bfc062723c751e8b465ee728b)
Start importing Assets/Zombie/Animations/Zombie@Z_Attack.FBX using Guid(631762b9a30b33a42836730a6b37d13f) Importer(815301076,1909f56bfc062723c751e8b465ee728b)  -> (artifact id: '4122c6c1ae3f58177deeb7042b7c8fab') in 0.181528 seconds
  Import took 0.188421 seconds .

========================================================================
Received Import Request.
  Time since last request: 0.000293 seconds.
  path: Assets/Zombie/Animations/Zombie@Z_Idle.FBX
  artifactKey: Guid(0d6373858f853604b960cf84b7d3dfbf) Importer(815301076,1909f56bfc062723c751e8b465ee728b)
Start importing Assets/Zombie/Animations/Zombie@Z_Idle.FBX using Guid(0d6373858f853604b960cf84b7d3dfbf) Importer(815301076,1909f56bfc062723c751e8b465ee728b)  -> (artifact id: '556cd4e4f47b8a28458e3fb6aa75b5fb') in 0.167421 seconds
  Import took 0.174009 seconds .

========================================================================
Received Import Request.
  Time since last request: 0.000276 seconds.
  path: Assets/Zombie/Prefabs/Zombie1.prefab
  artifactKey: Guid(6dc4cf4496348884d8ee27743ae38562) Importer(815301076,1909f56bfc062723c751e8b465ee728b)
Start importing Assets/Zombie/Prefabs/Zombie1.prefab using Guid(6dc4cf4496348884d8ee27743ae38562) Importer(815301076,1909f56bfc062723c751e8b465ee728b)  -> (artifact id: 'f1472345419fabe1b4881d04a744e8d7') in 0.142751 seconds
  Import took 0.164092 seconds .

========================================================================
Received Import Request.
  Time since last request: 0.000304 seconds.
  path: Assets/Zombie/Animations/Zombie@Z_FallingForward.FBX
  artifactKey: Guid(d870b4f0cba458640b29cda304d40186) Importer(815301076,1909f56bfc062723c751e8b465ee728b)
Start importing Assets/Zombie/Animations/Zombie@Z_FallingForward.FBX using Guid(d870b4f0cba458640b29cda304d40186) Importer(815301076,1909f56bfc062723c751e8b465ee728b)  -> (artifact id: 'fde9790dd68e030b5fc9ed85bfb5cb0b') in 0.050720 seconds
  Import took 0.059531 seconds .

========================================================================
Received Import Request.
  Time since last request: 0.000310 seconds.
  path: Assets/Zombie/Prefabs/Zombie3.prefab
  artifactKey: Guid(06cb2b131fe009c47a523671a8fa9ed8) Importer(815301076,1909f56bfc062723c751e8b465ee728b)
Start importing Assets/Zombie/Prefabs/Zombie3.prefab using Guid(06cb2b131fe009c47a523671a8fa9ed8) Importer(815301076,1909f56bfc062723c751e8b465ee728b)  -> (artifact id: 'e4ed07a6d6c3cd425c0363e7b166ecce') in 0.103174 seconds
  Import took 0.110809 seconds .

========================================================================
Received Import Request.
  Time since last request: 0.000334 seconds.
  path: Assets/Zombie/Prefabs/Zombie2.prefab
  artifactKey: Guid(d58be77cba3adf54cb14b15052b86514) Importer(815301076,1909f56bfc062723c751e8b465ee728b)
Start importing Assets/Zombie/Prefabs/Zombie2.prefab using Guid(d58be77cba3adf54cb14b15052b86514) Importer(815301076,1909f56bfc062723c751e8b465ee728b)  -> (artifact id: 'adcf0c144fdf582c60537eb4223159ad') in 0.125767 seconds
  Import took 0.147537 seconds .

========================================================================
Received Import Request.
  Time since last request: 0.000296 seconds.
  path: Assets/Zombie
  artifactKey: Guid(407ca73fd637f334cb0b0b3d387ccb0f) Importer(815301076,1909f56bfc062723c751e8b465ee728b)
Start importing Assets/Zombie using Guid(407ca73fd637f334cb0b0b3d387ccb0f) Importer(815301076,1909f56bfc062723c751e8b465ee728b)  -> (artifact id: 'fcf9441dbb4a91f4f045fb644e205896') in 0.004858 seconds
  Import took 0.011739 seconds .

========================================================================
Received Import Request.
  Time since last request: 0.000259 seconds.
  path: Assets/Zombie/Animations/Zombie@Z_Walk1_InPlace.FBX
  artifactKey: Guid(3fa7045af54b82c47852949257d136c7) Importer(815301076,1909f56bfc062723c751e8b465ee728b)
Start importing Assets/Zombie/Animations/Zombie@Z_Walk1_InPlace.FBX using Guid(3fa7045af54b82c47852949257d136c7) Importer(815301076,1909f56bfc062723c751e8b465ee728b)  -> (artifact id: '618ca02b4352956ef70c7e217e8b5779') in 0.163153 seconds
  Import took 0.174215 seconds .

========================================================================
Received Import Request.
  Time since last request: 0.000320 seconds.
  path: Assets/Zombie/Animations/Zombie@Z_Run_InPlace.FBX
  artifactKey: Guid(79969b20b5ba62e499ee433a4dd38701) Importer(815301076,1909f56bfc062723c751e8b465ee728b)
Start importing Assets/Zombie/Animations/Zombie@Z_Run_InPlace.FBX using Guid(79969b20b5ba62e499ee433a4dd38701) Importer(815301076,1909f56bfc062723c751e8b465ee728b)  -> (artifact id: 'b6b6e618805d6de9a6f43415ff00d75d') in 0.166368 seconds
  Import took 0.174639 seconds .

========================================================================
Received Import Request.
  Time since last request: 0.000300 seconds.
  path: Assets/Zombie/Animations/Zombie@Z_FallingBack.FBX
  artifactKey: Guid(857241dcf6bb2ea45a0b3f46d78f44b5) Importer(815301076,1909f56bfc062723c751e8b465ee728b)
Start importing Assets/Zombie/Animations/Zombie@Z_FallingBack.FBX using Guid(857241dcf6bb2ea45a0b3f46d78f44b5) Importer(815301076,1909f56bfc062723c751e8b465ee728b)  -> (artifact id: '3e1c6c3986c90919262d21aa5cd09ca9') in 0.047034 seconds
  Import took 0.054261 seconds .

========================================================================
Received Import Request.
  Time since last request: 0.000270 seconds.
  path: Assets/MouseLook.cs
  artifactKey: Guid(8dcdf5763089a2f4b8114447d6b1beca) Importer(815301076,1909f56bfc062723c751e8b465ee728b)
Start importing Assets/MouseLook.cs using Guid(8dcdf5763089a2f4b8114447d6b1beca) Importer(815301076,1909f56bfc062723c751e8b465ee728b)  -> (artifact id: '35f03eefcfbf0a249aee2bdf93fa40ae') in 0.029550 seconds
  Import took 0.037829 seconds .

========================================================================
Received Prepare
Registering precompiled user dll's ...
Registered in 0.007190 seconds.
Begin MonoManager ReloadAssembly
Native extension for WindowsStandalone target not found
Refreshing native plugins compatible for Editor in 0.74 ms, found 0 plugins.
Preloading 0 native plugins for Editor in 0.00 ms.
Invoked RoslynAnalysisRunner static constructor.
RoslynAnalysisRunner will not be running.
RoslynAnalysisRunner has terminated.
Mono: successfully reloaded assembly
- Completed reload, in  1.760 seconds
Platform modules already initialized, skipping
Refreshing native plugins compatible for Editor in 0.71 ms, found 0 plugins.
Preloading 0 native plugins for Editor in 0.00 ms.
Unloading 3449 Unused Serialized files (Serialized files now loaded: 0)
System memory in use before: 184.7 MB.
System memory in use after: 184.9 MB.

Unloading 6 unused Assets to reduce memory usage. Loaded Objects now: 4079.
Total: 3.808700 ms (FindLiveObjects: 0.419400 ms CreateObjectMapping: 0.205500 ms MarkObjects: 3.156400 ms  DeleteObjects: 0.025400 ms)

========================================================================
Received Import Request.
  Time since last request: 113.704010 seconds.
  path: Assets/ManNeko_Assets/Adventurer Blake/playeranimatorcontroler.controller
  artifactKey: Guid(90982ada150cb0a41aa1c4cf146f3f02) Importer(815301076,1909f56bfc062723c751e8b465ee728b)
Start importing Assets/ManNeko_Assets/Adventurer Blake/playeranimatorcontroler.controller using Guid(90982ada150cb0a41aa1c4cf146f3f02) Importer(815301076,1909f56bfc062723c751e8b465ee728b)  -> (artifact id: 'ed5473d8e90deb491b94f4a7c4eca0a1') in 0.061468 seconds
  Import took 0.070110 seconds .

========================================================================
Received Import Request.
  Time since last request: 24.004936 seconds.
  path: Assets/ManNeko_Assets/Adventurer Blake/Animations/A-pose.anim
  artifactKey: Guid(fd8188736a73a054990c4d18e464de90) Importer(815301076,1909f56bfc062723c751e8b465ee728b)
Start importing Assets/ManNeko_Assets/Adventurer Blake/Animations/A-pose.anim using Guid(fd8188736a73a054990c4d18e464de90) Importer(815301076,1909f56bfc062723c751e8b465ee728b)  -> (artifact id: 'bd911a6f1dfc453560a172b8ff03e1d5') in 0.011230 seconds
  Import took 0.017874 seconds .

========================================================================
Received Import Request.
  Time since last request: 0.000315 seconds.
  path: Assets/ManNeko_Assets/Adventurer Blake/Animations/A-pose.anim
  artifactKey: Guid(fd8188736a73a054990c4d18e464de90) Importer(815301076,1909f56bfc062723c751e8b465ee728b)
Start importing Assets/ManNeko_Assets/Adventurer Blake/Animations/A-pose.anim using Guid(fd8188736a73a054990c4d18e464de90) Importer(815301076,1909f56bfc062723c751e8b465ee728b)  -> (artifact id: 'bd911a6f1dfc453560a172b8ff03e1d5') in 0.007941 seconds
  Import took 0.015248 seconds .

========================================================================
Received Import Request.
  Time since last request: 7.450625 seconds.
  path: Assets/ManNeko_Assets/Adventurer Blake/Animations/pistol shooting with recoil.anim
  artifactKey: Guid(40609936d83e2a04ba402521655c5ba4) Importer(815301076,1909f56bfc062723c751e8b465ee728b)
Start importing Assets/ManNeko_Assets/Adventurer Blake/Animations/pistol shooting with recoil.anim using Guid(40609936d83e2a04ba402521655c5ba4) Importer(815301076,1909f56bfc062723c751e8b465ee728b)  -> (artifact id: 'ef585e41954899e18ebcc2f8a295620f') in 0.017138 seconds
  Import took 0.024229 seconds .

========================================================================
Received Import Request.
  Time since last request: 206.323085 seconds.
  path: Assets/ManNeko_Assets/Adventurer Blake/Materials
  artifactKey: Guid(e9086bf4263d80844aa3e7bcfb30ac7e) Importer(815301076,1909f56bfc062723c751e8b465ee728b)
Start importing Assets/ManNeko_Assets/Adventurer Blake/Materials using Guid(e9086bf4263d80844aa3e7bcfb30ac7e) Importer(815301076,1909f56bfc062723c751e8b465ee728b)  -> (artifact id: '10dcd424c2195b84a28a9ff6c6a99043') in 0.004617 seconds
  Import took 0.013313 seconds .

========================================================================
Received Import Request.
  Time since last request: 0.061276 seconds.
  path: Assets/ManNeko_Assets/Adventurer Blake/Materials/mat_char_blake.mat
  artifactKey: Guid(9ae0323dce9f04248ad1793a5f354260) Importer(815301076,1909f56bfc062723c751e8b465ee728b)
Start importing Assets/ManNeko_Assets/Adventurer Blake/Materials/mat_char_blake.mat using Guid(9ae0323dce9f04248ad1793a5f354260) Importer(815301076,1909f56bfc062723c751e8b465ee728b)  -> (artifact id: '621c3d9b44babf7615d3f9e81f87eb5f') in 0.090524 seconds
  Import took 0.097746 seconds .

========================================================================
Received Import Request.
  Time since last request: 0.000320 seconds.
  path: Assets/ManNeko_Assets/Adventurer Blake/Materials/mat_prop_mock_gun.mat
  artifactKey: Guid(0e67e758db993be48a55db1e33cb8162) Importer(815301076,1909f56bfc062723c751e8b465ee728b)
Start importing Assets/ManNeko_Assets/Adventurer Blake/Materials/mat_prop_mock_gun.mat using Guid(0e67e758db993be48a55db1e33cb8162) Importer(815301076,1909f56bfc062723c751e8b465ee728b)  -> (artifact id: 'e603c8dcfb8a5560372be6e6f02270ad') in 0.029555 seconds
  Import took 0.037868 seconds .

========================================================================
Received Import Request.
  Time since last request: 0.006725 seconds.
  path: Assets/ManNeko_Assets/Adventurer Blake/Materials/mat_prop_mock_gun.mat
  artifactKey: Guid(0e67e758db993be48a55db1e33cb8162) Importer(815301076,1909f56bfc062723c751e8b465ee728b)
Start importing Assets/ManNeko_Assets/Adventurer Blake/Materials/mat_prop_mock_gun.mat using Guid(0e67e758db993be48a55db1e33cb8162) Importer(815301076,1909f56bfc062723c751e8b465ee728b)  -> (artifact id: 'e603c8dcfb8a5560372be6e6f02270ad') in 0.043970 seconds
  Import took 0.050709 seconds .

========================================================================
Received Prepare
Registering precompiled user dll's ...
Registered in 0.009929 seconds.
Begin MonoManager ReloadAssembly
Native extension for WindowsStandalone target not found
Refreshing native plugins compatible for Editor in 0.76 ms, found 0 plugins.
Preloading 0 native plugins for Editor in 0.00 ms.
Invoked RoslynAnalysisRunner static constructor.
RoslynAnalysisRunner will not be running.
RoslynAnalysisRunner has terminated.
Mono: successfully reloaded assembly
- Completed reload, in  1.900 seconds
Platform modules already initialized, skipping
Refreshing native plugins compatible for Editor in 0.75 ms, found 0 plugins.
Preloading 0 native plugins for Editor in 0.00 ms.
Unloading 3449 Unused Serialized files (Serialized files now loaded: 0)
System memory in use before: 184.7 MB.
System memory in use after: 185.0 MB.

Unloading 6 unused Assets to reduce memory usage. Loaded Objects now: 4082.
Total: 2.930000 ms (FindLiveObjects: 0.434000 ms CreateObjectMapping: 0.176300 ms MarkObjects: 2.299600 ms  DeleteObjects: 0.018000 ms)

========================================================================
Received Prepare
Registering precompiled user dll's ...
Registered in 0.007498 seconds.
Begin MonoManager ReloadAssembly
Native extension for WindowsStandalone target not found
Refreshing native plugins compatible for Editor in 1.05 ms, found 0 plugins.
Preloading 0 native plugins for Editor in 0.00 ms.
Invoked RoslynAnalysisRunner static constructor.
RoslynAnalysisRunner will not be running.
RoslynAnalysisRunner has terminated.
Mono: successfully reloaded assembly
- Completed reload, in  1.923 seconds
Platform modules already initialized, skipping
Refreshing native plugins compatible for Editor in 0.73 ms, found 0 plugins.
Preloading 0 native plugins for Editor in 0.00 ms.
Unloading 3450 Unused Serialized files (Serialized files now loaded: 0)
System memory in use before: 184.9 MB.
System memory in use after: 185.1 MB.

Unloading 6 unused Assets to reduce memory usage. Loaded Objects now: 4085.
Total: 4.282700 ms (FindLiveObjects: 0.428500 ms CreateObjectMapping: 0.173000 ms MarkObjects: 3.638500 ms  DeleteObjects: 0.039600 ms)

========================================================================
Received Import Request.
  Time since last request: 399.779729 seconds.
  path: Assets/textures
  artifactKey: Guid(37ece74ae6354244fab9dfeb99d13f27) Importer(815301076,1909f56bfc062723c751e8b465ee728b)
Start importing Assets/textures using Guid(37ece74ae6354244fab9dfeb99d13f27) Importer(815301076,1909f56bfc062723c751e8b465ee728b)  -> (artifact id: '786f9213001021dd1f0ef70335644537') in 0.008845 seconds
  Import took 0.022385 seconds .

========================================================================
Received Import Request.
  Time since last request: 3.111820 seconds.
  path: Assets/Nokobot
  artifactKey: Guid(ae9164346fff8254e8637a61f3faf361) Importer(815301076,1909f56bfc062723c751e8b465ee728b)
Start importing Assets/Nokobot using Guid(ae9164346fff8254e8637a61f3faf361) Importer(815301076,1909f56bfc062723c751e8b465ee728b)  -> (artifact id: 'e36fd6f03ffde00386774f3ea1b16dc5') in 0.007968 seconds
  Import took 0.019810 seconds .

========================================================================
Received Import Request.
  Time since last request: 1.059667 seconds.
  path: Assets/Nokobot/Modern Guns - Handgun
  artifactKey: Guid(2bef974e836c8ec45bdbfd90125fabda) Importer(815301076,1909f56bfc062723c751e8b465ee728b)
Start importing Assets/Nokobot/Modern Guns - Handgun using Guid(2bef974e836c8ec45bdbfd90125fabda) Importer(815301076,1909f56bfc062723c751e8b465ee728b)  -> (artifact id: 'd89e402d37700f404a434ec770e66a46') in 0.006413 seconds
  Import took 0.015229 seconds .

========================================================================
Received Import Request.
  Time since last request: 7.446219 seconds.
  path: Assets/Nokobot/Modern Guns - Handgun/_Prefabs
  artifactKey: Guid(2987812710f5d82498876f0a50b38192) Importer(815301076,1909f56bfc062723c751e8b465ee728b)
Start importing Assets/Nokobot/Modern Guns - Handgun/_Prefabs using Guid(2987812710f5d82498876f0a50b38192) Importer(815301076,1909f56bfc062723c751e8b465ee728b)  -> (artifact id: 'b200e4c207a11d3a7e90b659795e7f0b') in 0.005690 seconds
  Import took 0.014810 seconds .

========================================================================
Received Import Request.
  Time since last request: 0.104660 seconds.
  path: Assets/Nokobot/Modern Guns - Handgun/_Prefabs/45ACP Bullet.prefab
  artifactKey: Guid(674adf642abf5614aae2995443c8250f) Importer(815301076,1909f56bfc062723c751e8b465ee728b)
Start importing Assets/Nokobot/Modern Guns - Handgun/_Prefabs/45ACP Bullet.prefab using Guid(674adf642abf5614aae2995443c8250f) Importer(815301076,1909f56bfc062723c751e8b465ee728b)  -> (artifact id: '9d8b99e2ff9ea030941950df25b46941') in 0.071438 seconds
  Import took 0.080952 seconds .

========================================================================
Received Import Request.
  Time since last request: 0.000310 seconds.
  path: Assets/Nokobot/Modern Guns - Handgun/_Prefabs/45ACP Bullet_Casing.prefab
  artifactKey: Guid(4cb20e8abae957146a8b78e670d3fe74) Importer(815301076,1909f56bfc062723c751e8b465ee728b)
Start importing Assets/Nokobot/Modern Guns - Handgun/_Prefabs/45ACP Bullet_Casing.prefab using Guid(4cb20e8abae957146a8b78e670d3fe74) Importer(815301076,1909f56bfc062723c751e8b465ee728b)  -> (artifact id: 'd7d7fcad07c40be00d544441e196b32a') in 0.018397 seconds
  Import took 0.025381 seconds .

========================================================================
Received Import Request.
  Time since last request: 0.000349 seconds.
  path: Assets/Nokobot/Modern Guns - Handgun/_Prefabs/45ACP Bullet_Head.prefab
  artifactKey: Guid(65c9f6563c561ee4e8905d1e6a32548b) Importer(815301076,1909f56bfc062723c751e8b465ee728b)
Start importing Assets/Nokobot/Modern Guns - Handgun/_Prefabs/45ACP Bullet_Head.prefab using Guid(65c9f6563c561ee4e8905d1e6a32548b) Importer(815301076,1909f56bfc062723c751e8b465ee728b)  -> (artifact id: '1e77450f94f6ab07061d0c559bafdf34') in 0.019897 seconds
  Import took 0.027922 seconds .

========================================================================
Received Import Request.
  Time since last request: 2.716349 seconds.
  path: Assets/Nokobot/Modern Guns - Handgun/_Prefabs/Base Prefabs
  artifactKey: Guid(85ffdbf9c56062e4e8c1a4740fb5adee) Importer(815301076,1909f56bfc062723c751e8b465ee728b)
Start importing Assets/Nokobot/Modern Guns - Handgun/_Prefabs/Base Prefabs using Guid(85ffdbf9c56062e4e8c1a4740fb5adee) Importer(815301076,1909f56bfc062723c751e8b465ee728b)  -> (artifact id: 'ba992683b3b4448463c356bd0f9df52b') in 0.005905 seconds
  Import took 0.015973 seconds .

========================================================================
Received Import Request.
  Time since last request: 0.056807 seconds.
  path: Assets/Nokobot/Modern Guns - Handgun/_Prefabs/Base Prefabs/Bullet_Casing.prefab
  artifactKey: Guid(a737d62f4ff0b854a9d767507f039686) Importer(815301076,1909f56bfc062723c751e8b465ee728b)
Start importing Assets/Nokobot/Modern Guns - Handgun/_Prefabs/Base Prefabs/Bullet_Casing.prefab using Guid(a737d62f4ff0b854a9d767507f039686) Importer(815301076,1909f56bfc062723c751e8b465ee728b)  -> (artifact id: '2cd45664036d18bafa758c07d0859c3a') in 0.007709 seconds
  Import took 0.017525 seconds .

========================================================================
Received Import Request.
  Time since last request: 0.000312 seconds.
  path: Assets/Nokobot/Modern Guns - Handgun/_Prefabs/Base Prefabs/Bullet_Head.prefab
  artifactKey: Guid(9e0ef2cf9cfc11c46bbe7f28b272f6fb) Importer(815301076,1909f56bfc062723c751e8b465ee728b)
Start importing Assets/Nokobot/Modern Guns - Handgun/_Prefabs/Base Prefabs/Bullet_Head.prefab using Guid(9e0ef2cf9cfc11c46bbe7f28b272f6fb) Importer(815301076,1909f56bfc062723c751e8b465ee728b)  -> (artifact id: '26e47649c5c8cf26da45df43e5c08ad1') in 0.007382 seconds
  Import took 0.017309 seconds .

========================================================================
Received Import Request.
  Time since last request: 0.000318 seconds.
  path: Assets/Nokobot/Modern Guns - Handgun/_Prefabs/Base Prefabs/M1911 Magazine Base.prefab
  artifactKey: Guid(71d42f13891e48c4487496fd15802eda) Importer(815301076,1909f56bfc062723c751e8b465ee728b)
Start importing Assets/Nokobot/Modern Guns - Handgun/_Prefabs/Base Prefabs/M1911 Magazine Base.prefab using Guid(71d42f13891e48c4487496fd15802eda) Importer(815301076,1909f56bfc062723c751e8b465ee728b)  -> (artifact id: '58801c20d56a9117eb16d63470358e37') in 0.138237 seconds
  Import took 0.144573 seconds .

========================================================================
Received Import Request.
  Time since last request: 0.000466 seconds.
  path: Assets/Nokobot/Modern Guns - Handgun/_Prefabs/Base Prefabs/M1911 Handgun Base.prefab
  artifactKey: Guid(a78a725941312494b930d664f3b315d0) Importer(815301076,1909f56bfc062723c751e8b465ee728b)
Start importing Assets/Nokobot/Modern Guns - Handgun/_Prefabs/Base Prefabs/M1911 Handgun Base.prefab using Guid(a78a725941312494b930d664f3b315d0) Importer(815301076,1909f56bfc062723c751e8b465ee728b)  -> (artifact id: '22b840fa558ab97f32e2657e3e135a05') in 0.020809 seconds
  Import took 0.029337 seconds .

========================================================================
Received Import Request.
  Time since last request: 4.114953 seconds.
  path: Assets/Nokobot/Modern Guns - Handgun/_Prefabs/Handgun Black
  artifactKey: Guid(3c06fb9777b9bf742984737b207f4792) Importer(815301076,1909f56bfc062723c751e8b465ee728b)
Start importing Assets/Nokobot/Modern Guns - Handgun/_Prefabs/Handgun Black using Guid(3c06fb9777b9bf742984737b207f4792) Importer(815301076,1909f56bfc062723c751e8b465ee728b)  -> (artifact id: '66e36f140b2d2617e540f834c6ab177c') in 0.007137 seconds
  Import took 0.015377 seconds .

========================================================================
Received Import Request.
  Time since last request: 0.065316 seconds.
  path: Assets/Nokobot/Modern Guns - Handgun/_Prefabs/Handgun Black/M1911 Handgun_Black (Shooting).prefab
  artifactKey: Guid(7e7f2840eb6a6294fb9d04582dbf8079) Importer(815301076,1909f56bfc062723c751e8b465ee728b)
Start importing Assets/Nokobot/Modern Guns - Handgun/_Prefabs/Handgun Black/M1911 Handgun_Black (Shooting).prefab using Guid(7e7f2840eb6a6294fb9d04582dbf8079) Importer(815301076,1909f56bfc062723c751e8b465ee728b)  -> (artifact id: '3a6692b17e870b1f4d5ae240a137446c') in 0.079464 seconds
  Import took 0.087775 seconds .

========================================================================
Received Import Request.
  Time since last request: 0.000329 seconds.
  path: Assets/Nokobot/Modern Guns - Handgun/_Prefabs/Handgun Black/M1911 Magazine_Black.prefab
  artifactKey: Guid(1630d9b67160caa44aad0385aa9bf476) Importer(815301076,1909f56bfc062723c751e8b465ee728b)
Start importing Assets/Nokobot/Modern Guns - Handgun/_Prefabs/Handgun Black/M1911 Magazine_Black.prefab using Guid(1630d9b67160caa44aad0385aa9bf476) Importer(815301076,1909f56bfc062723c751e8b465ee728b)  -> (artifact id: '40decad2b701e17ff0b99baf59bfc6e9') in 0.020365 seconds
  Import took 0.028696 seconds .

========================================================================
Received Import Request.
  Time since last request: 0.000264 seconds.
  path: Assets/Nokobot/Modern Guns - Handgun/_Prefabs/Handgun Black/M1911 Handgun_Black.prefab
  artifactKey: Guid(87e308cb23eea97419b3c2623d8bb3fa) Importer(815301076,1909f56bfc062723c751e8b465ee728b)
Start importing Assets/Nokobot/Modern Guns - Handgun/_Prefabs/Handgun Black/M1911 Handgun_Black.prefab using Guid(87e308cb23eea97419b3c2623d8bb3fa) Importer(815301076,1909f56bfc062723c751e8b465ee728b)  -> (artifact id: '5931c57fbe3ea43ee2d7ed9cec31e40f') in 0.044210 seconds
  Import took 0.052418 seconds .

========================================================================
Received Import Request.
  Time since last request: 0.000248 seconds.
  path: Assets/Nokobot/Modern Guns - Handgun/_Prefabs/Handgun Black/M1911 Magazine_Black_Full.prefab
  artifactKey: Guid(3891d67bd4812e34db02888d6b7ae428) Importer(815301076,1909f56bfc062723c751e8b465ee728b)
Start importing Assets/Nokobot/Modern Guns - Handgun/_Prefabs/Handgun Black/M1911 Magazine_Black_Full.prefab using Guid(3891d67bd4812e34db02888d6b7ae428) Importer(815301076,1909f56bfc062723c751e8b465ee728b)  -> (artifact id: '917ac93fc8dde969df225a6ef988363b') in 0.024514 seconds
  Import took 0.032688 seconds .

========================================================================
Received Import Request.
  Time since last request: 3.681443 seconds.
  path: Assets/Nokobot/Modern Guns - Handgun/_Prefabs/Handgun Silver
  artifactKey: Guid(4692567bb400b7b43bfd7e4ec6129550) Importer(815301076,1909f56bfc062723c751e8b465ee728b)
Start importing Assets/Nokobot/Modern Guns - Handgun/_Prefabs/Handgun Silver using Guid(4692567bb400b7b43bfd7e4ec6129550) Importer(815301076,1909f56bfc062723c751e8b465ee728b)  -> (artifact id: '726b0e8cbcfbe83b87771391e1ded242') in 0.007838 seconds
  Import took 0.015896 seconds .

========================================================================
Received Import Request.
  Time since last request: 0.061096 seconds.
  path: Assets/Nokobot/Modern Guns - Handgun/_Prefabs/Handgun Silver/M1911 Handgun_Silver (Shooting).prefab
  artifactKey: Guid(37e98970f8baf7647b735d9036006f0d) Importer(815301076,1909f56bfc062723c751e8b465ee728b)
Start importing Assets/Nokobot/Modern Guns - Handgun/_Prefabs/Handgun Silver/M1911 Handgun_Silver (Shooting).prefab using Guid(37e98970f8baf7647b735d9036006f0d) Importer(815301076,1909f56bfc062723c751e8b465ee728b)  -> (artifact id: 'dcdfa5439fbde587a200914195409c95') in 0.047183 seconds
  Import took 0.055366 seconds .

========================================================================
Received Import Request.
  Time since last request: 0.000312 seconds.
  path: Assets/Nokobot/Modern Guns - Handgun/_Prefabs/Handgun Silver/M1911 Magazine_Silver.prefab
  artifactKey: Guid(b5c250cf857e87546bfae19a751f3c92) Importer(815301076,1909f56bfc062723c751e8b465ee728b)
Start importing Assets/Nokobot/Modern Guns - Handgun/_Prefabs/Handgun Silver/M1911 Magazine_Silver.prefab using Guid(b5c250cf857e87546bfae19a751f3c92) Importer(815301076,1909f56bfc062723c751e8b465ee728b)  -> (artifact id: '3d7d3439e2f01d066fbed642a99280ee') in 0.021884 seconds
  Import took 0.028941 seconds .

========================================================================
Received Import Request.
  Time since last request: 0.000300 seconds.
  path: Assets/Nokobot/Modern Guns - Handgun/_Prefabs/Handgun Silver/M1911 Handgun_Silver.prefab
  artifactKey: Guid(5c59210965ffbcc4093fe99a29edb777) Importer(815301076,1909f56bfc062723c751e8b465ee728b)
Start importing Assets/Nokobot/Modern Guns - Handgun/_Prefabs/Handgun Silver/M1911 Handgun_Silver.prefab using Guid(5c59210965ffbcc4093fe99a29edb777) Importer(815301076,1909f56bfc062723c751e8b465ee728b)  -> (artifact id: '5d20402e79bf592f40c398ff6e31c1a3') in 0.037971 seconds
  Import took 0.046710 seconds .

========================================================================
Received Import Request.
  Time since last request: 0.000325 seconds.
  path: Assets/Nokobot/Modern Guns - Handgun/_Prefabs/Handgun Silver/M1911 Magazine_Silver_Full.prefab
  artifactKey: Guid(383b1a391f98da5478a7dddc283414a8) Importer(815301076,1909f56bfc062723c751e8b465ee728b)
Start importing Assets/Nokobot/Modern Guns - Handgun/_Prefabs/Handgun Silver/M1911 Magazine_Silver_Full.prefab using Guid(383b1a391f98da5478a7dddc283414a8) Importer(815301076,1909f56bfc062723c751e8b465ee728b)  -> (artifact id: '648e58e55a853a7ea70c24f26359ce38') in 0.045173 seconds
  Import took 0.054820 seconds .

========================================================================
Received Import Request.
  Time since last request: 543.526404 seconds.
  path: Assets/Nokobot/Modern Guns - Handgun/Animations
  artifactKey: Guid(22c1561bdf2c6ca41a7ef3927b3a69f6) Importer(815301076,1909f56bfc062723c751e8b465ee728b)
Start importing Assets/Nokobot/Modern Guns - Handgun/Animations using Guid(22c1561bdf2c6ca41a7ef3927b3a69f6) Importer(815301076,1909f56bfc062723c751e8b465ee728b)  -> (artifact id: '6ada02203630635cd5fa63c2fe97b725') in 0.006705 seconds
  Import took 0.024349 seconds .

========================================================================
Received Import Request.
  Time since last request: 1.519234 seconds.
  path: Assets/Nokobot/Modern Guns - Handgun/Animations/M1911@Fire.anim
  artifactKey: Guid(d34b4dd27ff9e5942b1871319d0f0db7) Importer(815301076,1909f56bfc062723c751e8b465ee728b)
Start importing Assets/Nokobot/Modern Guns - Handgun/Animations/M1911@Fire.anim using Guid(d34b4dd27ff9e5942b1871319d0f0db7) Importer(815301076,1909f56bfc062723c751e8b465ee728b)  -> (artifact id: '15c407719132f01a69a6b82096fb156f') in 0.009671 seconds
  Import took 0.017332 seconds .

========================================================================
Received Import Request.
  Time since last request: 1.371726 seconds.
  path: Assets/Nokobot/Modern Guns - Handgun/Animations/M1911 Handgun Controller.controller
  artifactKey: Guid(03d1fe4e93c9d4445b3a611df2ee5713) Importer(815301076,1909f56bfc062723c751e8b465ee728b)
Start importing Assets/Nokobot/Modern Guns - Handgun/Animations/M1911 Handgun Controller.controller using Guid(03d1fe4e93c9d4445b3a611df2ee5713) Importer(815301076,1909f56bfc062723c751e8b465ee728b)  -> (artifact id: '27ed2c96c87d4522b5f5aaf38a156cbf') in 0.007860 seconds
  Import took 0.016751 seconds .

========================================================================
Received Import Request.
  Time since last request: 0.000853 seconds.
  path: Assets/Nokobot/Modern Guns - Handgun/Animations/M1911 Handgun Controller.controller
  artifactKey: Guid(03d1fe4e93c9d4445b3a611df2ee5713) Importer(815301076,1909f56bfc062723c751e8b465ee728b)
Start importing Assets/Nokobot/Modern Guns - Handgun/Animations/M1911 Handgun Controller.controller using Guid(03d1fe4e93c9d4445b3a611df2ee5713) Importer(815301076,1909f56bfc062723c751e8b465ee728b)  -> (artifact id: '27ed2c96c87d4522b5f5aaf38a156cbf') in 0.007577 seconds
  Import took 0.016905 seconds .

========================================================================
Received Import Request.
  Time since last request: 202.348135 seconds.
  path: Assets/ManNeko_Assets/Adventurer Blake/playeranimatorcontroler.controller
  artifactKey: Guid(90982ada150cb0a41aa1c4cf146f3f02) Importer(815301076,1909f56bfc062723c751e8b465ee728b)
Start importing Assets/ManNeko_Assets/Adventurer Blake/playeranimatorcontroler.controller using Guid(90982ada150cb0a41aa1c4cf146f3f02) Importer(815301076,1909f56bfc062723c751e8b465ee728b)  -> (artifact id: 'a53d7bd5e88dc507e5e9cf09346db6d3') in 0.082121 seconds
  Import took 0.093180 seconds .

========================================================================
Received Prepare
Registering precompiled user dll's ...
Registered in 0.006941 seconds.
Begin MonoManager ReloadAssembly
Native extension for WindowsStandalone target not found
Refreshing native plugins compatible for Editor in 0.72 ms, found 0 plugins.
Preloading 0 native plugins for Editor in 0.00 ms.
Invoked RoslynAnalysisRunner static constructor.
RoslynAnalysisRunner will not be running.
RoslynAnalysisRunner has terminated.
Mono: successfully reloaded assembly
- Completed reload, in  1.767 seconds
Platform modules already initialized, skipping
Refreshing native plugins compatible for Editor in 0.73 ms, found 0 plugins.
Preloading 0 native plugins for Editor in 0.00 ms.
Unloading 3450 Unused Serialized files (Serialized files now loaded: 0)
System memory in use before: 185.0 MB.
System memory in use after: 185.2 MB.

Unloading 7 unused Assets to reduce memory usage. Loaded Objects now: 4088.
Total: 3.018200 ms (FindLiveObjects: 0.360500 ms CreateObjectMapping: 0.154600 ms MarkObjects: 2.469700 ms  DeleteObjects: 0.031100 ms)

========================================================================
Received Prepare
Registering precompiled user dll's ...
Registered in 0.006975 seconds.
Begin MonoManager ReloadAssembly
Native extension for WindowsStandalone target not found
Refreshing native plugins compatible for Editor in 1.08 ms, found 0 plugins.
Preloading 0 native plugins for Editor in 0.00 ms.
Invoked RoslynAnalysisRunner static constructor.
RoslynAnalysisRunner will not be running.
RoslynAnalysisRunner has terminated.
Mono: successfully reloaded assembly
- Completed reload, in  1.754 seconds
Platform modules already initialized, skipping
Refreshing native plugins compatible for Editor in 0.73 ms, found 0 plugins.
Preloading 0 native plugins for Editor in 0.00 ms.
Unloading 3450 Unused Serialized files (Serialized files now loaded: 0)
System memory in use before: 185.0 MB.
System memory in use after: 185.2 MB.

Unloading 6 unused Assets to reduce memory usage. Loaded Objects now: 4090.
Total: 3.102700 ms (FindLiveObjects: 0.438100 ms CreateObjectMapping: 0.166400 ms MarkObjects: 2.471100 ms  DeleteObjects: 0.024600 ms)

========================================================================
Received Prepare
Registering precompiled user dll's ...
Registered in 0.005584 seconds.
Begin MonoManager ReloadAssembly
Native extension for WindowsStandalone target not found
Refreshing native plugins compatible for Editor in 1.26 ms, found 0 plugins.
Preloading 0 native plugins for Editor in 0.00 ms.
Invoked RoslynAnalysisRunner static constructor.
RoslynAnalysisRunner will not be running.
RoslynAnalysisRunner has terminated.
Mono: successfully reloaded assembly
- Completed reload, in  7.341 seconds
Platform modules already initialized, skipping
Refreshing native plugins compatible for Editor in 0.76 ms, found 0 plugins.
Preloading 0 native plugins for Editor in 0.00 ms.
Unloading 3451 Unused Serialized files (Serialized files now loaded: 0)
System memory in use before: 185.0 MB.
System memory in use after: 185.3 MB.

Unloading 6 unused Assets to reduce memory usage. Loaded Objects now: 4093.
Total: 3.384400 ms (FindLiveObjects: 0.388500 ms CreateObjectMapping: 0.159600 ms MarkObjects: 2.806900 ms  DeleteObjects: 0.027000 ms)

========================================================================
Received Prepare
Registering precompiled user dll's ...
Registered in 0.005803 seconds.
Begin MonoManager ReloadAssembly
Native extension for WindowsStandalone target not found
Refreshing native plugins compatible for Editor in 0.81 ms, found 0 plugins.
Preloading 0 native plugins for Editor in 0.00 ms.
Invoked RoslynAnalysisRunner static constructor.
RoslynAnalysisRunner will not be running.
RoslynAnalysisRunner has terminated.
Mono: successfully reloaded assembly
- Completed reload, in  1.789 seconds
Platform modules already initialized, skipping
Refreshing native plugins compatible for Editor in 0.80 ms, found 0 plugins.
Preloading 0 native plugins for Editor in 0.00 ms.
Unloading 3451 Unused Serialized files (Serialized files now loaded: 0)
System memory in use before: 185.0 MB.
System memory in use after: 185.3 MB.

Unloading 6 unused Assets to reduce memory usage. Loaded Objects now: 4095.
Total: 3.399900 ms (FindLiveObjects: 0.532500 ms CreateObjectMapping: 0.265600 ms MarkObjects: 2.541500 ms  DeleteObjects: 0.057900 ms)

========================================================================
Received Prepare
Registering precompiled user dll's ...
Registered in 0.006084 seconds.
Begin MonoManager ReloadAssembly
Native extension for WindowsStandalone target not found
Refreshing native plugins compatible for Editor in 0.73 ms, found 0 plugins.
Preloading 0 native plugins for Editor in 0.00 ms.
Invoked RoslynAnalysisRunner static constructor.
RoslynAnalysisRunner will not be running.
RoslynAnalysisRunner has terminated.
Mono: successfully reloaded assembly
- Completed reload, in  1.608 seconds
Platform modules already initialized, skipping
Refreshing native plugins compatible for Editor in 0.74 ms, found 0 plugins.
Preloading 0 native plugins for Editor in 0.00 ms.
Unloading 3451 Unused Serialized files (Serialized files now loaded: 0)
System memory in use before: 185.0 MB.
System memory in use after: 185.3 MB.

Unloading 6 unused Assets to reduce memory usage. Loaded Objects now: 4097.
Total: 3.945300 ms (FindLiveObjects: 0.629700 ms CreateObjectMapping: 0.202400 ms MarkObjects: 3.084900 ms  DeleteObjects: 0.025500 ms)

========================================================================
Received Prepare
Registering precompiled user dll's ...
Registered in 0.007108 seconds.
Begin MonoManager ReloadAssembly
Native extension for WindowsStandalone target not found
Refreshing native plugins compatible for Editor in 0.73 ms, found 0 plugins.
Preloading 0 native plugins for Editor in 0.00 ms.
Invoked RoslynAnalysisRunner static constructor.
RoslynAnalysisRunner will not be running.
RoslynAnalysisRunner has terminated.
Mono: successfully reloaded assembly
- Completed reload, in  1.829 seconds
Platform modules already initialized, skipping
Refreshing native plugins compatible for Editor in 0.72 ms, found 0 plugins.
Preloading 0 native plugins for Editor in 0.00 ms.
Unloading 3451 Unused Serialized files (Serialized files now loaded: 0)
System memory in use before: 185.0 MB.
System memory in use after: 185.3 MB.

Unloading 6 unused Assets to reduce memory usage. Loaded Objects now: 4099.
Total: 3.107500 ms (FindLiveObjects: 0.407900 ms CreateObjectMapping: 0.162400 ms MarkObjects: 2.509500 ms  DeleteObjects: 0.025200 ms)

========================================================================
Received Prepare
Registering precompiled user dll's ...
Registered in 0.005784 seconds.
Begin MonoManager ReloadAssembly
Native extension for WindowsStandalone target not found
Refreshing native plugins compatible for Editor in 0.73 ms, found 0 plugins.
Preloading 0 native plugins for Editor in 0.00 ms.
Invoked RoslynAnalysisRunner static constructor.
RoslynAnalysisRunner will not be running.
RoslynAnalysisRunner has terminated.
Mono: successfully reloaded assembly
- Completed reload, in  2.293 seconds
Platform modules already initialized, skipping
Refreshing native plugins compatible for Editor in 0.73 ms, found 0 plugins.
Preloading 0 native plugins for Editor in 0.00 ms.
Unloading 3452 Unused Serialized files (Serialized files now loaded: 0)
System memory in use before: 185.1 MB.
System memory in use after: 185.3 MB.

Unloading 6 unused Assets to reduce memory usage. Loaded Objects now: 4102.
Total: 3.175200 ms (FindLiveObjects: 0.465000 ms CreateObjectMapping: 0.172400 ms MarkObjects: 2.509000 ms  DeleteObjects: 0.026900 ms)

========================================================================
Received Prepare
Registering precompiled user dll's ...
Registered in 0.006373 seconds.
Begin MonoManager ReloadAssembly
Native extension for WindowsStandalone target not found
Refreshing native plugins compatible for Editor in 0.72 ms, found 0 plugins.
Preloading 0 native plugins for Editor in 0.00 ms.
Invoked RoslynAnalysisRunner static constructor.
RoslynAnalysisRunner will not be running.
RoslynAnalysisRunner has terminated.
Mono: successfully reloaded assembly
- Completed reload, in  1.636 seconds
Platform modules already initialized, skipping
Refreshing native plugins compatible for Editor in 0.93 ms, found 0 plugins.
Preloading 0 native plugins for Editor in 0.00 ms.
Unloading 3452 Unused Serialized files (Serialized files now loaded: 0)
System memory in use before: 185.1 MB.
System memory in use after: 185.3 MB.

Unloading 6 unused Assets to reduce memory usage. Loaded Objects now: 4104.
Total: 3.218300 ms (FindLiveObjects: 0.427500 ms CreateObjectMapping: 0.171700 ms MarkObjects: 2.589300 ms  DeleteObjects: 0.027200 ms)

========================================================================
Received Prepare
Registering precompiled user dll's ...
Registered in 0.005813 seconds.
Begin MonoManager ReloadAssembly
Native extension for WindowsStandalone target not found
Refreshing native plugins compatible for Editor in 0.76 ms, found 0 plugins.
Preloading 0 native plugins for Editor in 0.00 ms.
Invoked RoslynAnalysisRunner static constructor.
RoslynAnalysisRunner will not be running.
RoslynAnalysisRunner has terminated.
Mono: successfully reloaded assembly
- Completed reload, in  1.600 seconds
Platform modules already initialized, skipping
Refreshing native plugins compatible for Editor in 0.73 ms, found 0 plugins.
Preloading 0 native plugins for Editor in 0.00 ms.
Unloading 3452 Unused Serialized files (Serialized files now loaded: 0)
System memory in use before: 185.1 MB.
System memory in use after: 185.3 MB.

Unloading 6 unused Assets to reduce memory usage. Loaded Objects now: 4106.
Total: 3.322100 ms (FindLiveObjects: 0.529300 ms CreateObjectMapping: 0.214100 ms MarkObjects: 2.551400 ms  DeleteObjects: 0.025300 ms)

========================================================================
Received Prepare
Registering precompiled user dll's ...
Registered in 0.006000 seconds.
Begin MonoManager ReloadAssembly
Native extension for WindowsStandalone target not found
Refreshing native plugins compatible for Editor in 0.72 ms, found 0 plugins.
Preloading 0 native plugins for Editor in 0.00 ms.
Invoked RoslynAnalysisRunner static constructor.
RoslynAnalysisRunner will not be running.
RoslynAnalysisRunner has terminated.
Mono: successfully reloaded assembly
- Completed reload, in  1.612 seconds
Platform modules already initialized, skipping
Refreshing native plugins compatible for Editor in 0.85 ms, found 0 plugins.
Preloading 0 native plugins for Editor in 0.00 ms.
Unloading 3452 Unused Serialized files (Serialized files now loaded: 0)
System memory in use before: 185.1 MB.
System memory in use after: 185.3 MB.

Unloading 6 unused Assets to reduce memory usage. Loaded Objects now: 4108.
Total: 3.280500 ms (FindLiveObjects: 0.410400 ms CreateObjectMapping: 0.163900 ms MarkObjects: 2.678600 ms  DeleteObjects: 0.025100 ms)

========================================================================
Received Prepare
Registering precompiled user dll's ...
Registered in 0.006298 seconds.
Begin MonoManager ReloadAssembly
Native extension for WindowsStandalone target not found
Refreshing native plugins compatible for Editor in 0.72 ms, found 0 plugins.
Preloading 0 native plugins for Editor in 0.00 ms.
Invoked RoslynAnalysisRunner static constructor.
RoslynAnalysisRunner will not be running.
RoslynAnalysisRunner has terminated.
Mono: successfully reloaded assembly
- Completed reload, in  1.607 seconds
Platform modules already initialized, skipping
Refreshing native plugins compatible for Editor in 0.73 ms, found 0 plugins.
Preloading 0 native plugins for Editor in 0.00 ms.
Unloading 3452 Unused Serialized files (Serialized files now loaded: 0)
System memory in use before: 185.1 MB.
System memory in use after: 185.3 MB.

Unloading 6 unused Assets to reduce memory usage. Loaded Objects now: 4110.
Total: 3.840800 ms (FindLiveObjects: 0.584000 ms CreateObjectMapping: 0.202600 ms MarkObjects: 3.024300 ms  DeleteObjects: 0.027400 ms)

========================================================================
Received Prepare
Registering precompiled user dll's ...
Registered in 0.009028 seconds.
Begin MonoManager ReloadAssembly
Native extension for WindowsStandalone target not found
Refreshing native plugins compatible for Editor in 0.74 ms, found 0 plugins.
Preloading 0 native plugins for Editor in 0.00 ms.
Invoked RoslynAnalysisRunner static constructor.
RoslynAnalysisRunner will not be running.
RoslynAnalysisRunner has terminated.
Mono: successfully reloaded assembly
- Completed reload, in  1.952 seconds
Platform modules already initialized, skipping
Refreshing native plugins compatible for Editor in 0.75 ms, found 0 plugins.
Preloading 0 native plugins for Editor in 0.00 ms.
Unloading 3452 Unused Serialized files (Serialized files now loaded: 0)
System memory in use before: 185.1 MB.
System memory in use after: 185.3 MB.

Unloading 6 unused Assets to reduce memory usage. Loaded Objects now: 4112.
Total: 5.461800 ms (FindLiveObjects: 0.509600 ms CreateObjectMapping: 0.214500 ms MarkObjects: 4.684000 ms  DeleteObjects: 0.050600 ms)

========================================================================
Received Prepare
Registering precompiled user dll's ...
Registered in 0.012723 seconds.
Begin MonoManager ReloadAssembly
Native extension for WindowsStandalone target not found
Refreshing native plugins compatible for Editor in 1.23 ms, found 0 plugins.
Preloading 0 native plugins for Editor in 0.00 ms.
Invoked RoslynAnalysisRunner static constructor.
RoslynAnalysisRunner will not be running.
RoslynAnalysisRunner has terminated.
Mono: successfully reloaded assembly
- Completed reload, in  2.354 seconds
Platform modules already initialized, skipping
Refreshing native plugins compatible for Editor in 1.12 ms, found 0 plugins.
Preloading 0 native plugins for Editor in 0.00 ms.
Unloading 3452 Unused Serialized files (Serialized files now loaded: 0)
System memory in use before: 185.1 MB.
System memory in use after: 185.3 MB.

Unloading 6 unused Assets to reduce memory usage. Loaded Objects now: 4114.
Total: 5.395200 ms (FindLiveObjects: 0.593400 ms CreateObjectMapping: 0.201000 ms MarkObjects: 4.574600 ms  DeleteObjects: 0.023800 ms)

========================================================================
Received Prepare
Registering precompiled user dll's ...
Registered in 0.005785 seconds.
Begin MonoManager ReloadAssembly
Native extension for WindowsStandalone target not found
Refreshing native plugins compatible for Editor in 0.74 ms, found 0 plugins.
Preloading 0 native plugins for Editor in 0.00 ms.
Invoked RoslynAnalysisRunner static constructor.
RoslynAnalysisRunner will not be running.
RoslynAnalysisRunner has terminated.
Mono: successfully reloaded assembly
- Completed reload, in  1.829 seconds
Platform modules already initialized, skipping
Refreshing native plugins compatible for Editor in 0.73 ms, found 0 plugins.
Preloading 0 native plugins for Editor in 0.00 ms.
Unloading 3452 Unused Serialized files (Serialized files now loaded: 0)
System memory in use before: 185.1 MB.
System memory in use after: 185.3 MB.

Unloading 6 unused Assets to reduce memory usage. Loaded Objects now: 4116.
Total: 6.532600 ms (FindLiveObjects: 1.228700 ms CreateObjectMapping: 0.677000 ms MarkObjects: 4.578500 ms  DeleteObjects: 0.045700 ms)

========================================================================
Received Prepare
Registering precompiled user dll's ...
Registered in 0.005786 seconds.
Begin MonoManager ReloadAssembly
Native extension for WindowsStandalone target not found
Refreshing native plugins compatible for Editor in 0.91 ms, found 0 plugins.
Preloading 0 native plugins for Editor in 0.00 ms.
Invoked RoslynAnalysisRunner static constructor.
RoslynAnalysisRunner will not be running.
RoslynAnalysisRunner has terminated.
Mono: successfully reloaded assembly
- Completed reload, in  1.697 seconds
Platform modules already initialized, skipping
Refreshing native plugins compatible for Editor in 0.72 ms, found 0 plugins.
Preloading 0 native plugins for Editor in 0.00 ms.
Unloading 3452 Unused Serialized files (Serialized files now loaded: 0)
System memory in use before: 185.1 MB.
System memory in use after: 185.3 MB.

Unloading 6 unused Assets to reduce memory usage. Loaded Objects now: 4118.
Total: 3.101900 ms (FindLiveObjects: 0.407900 ms CreateObjectMapping: 0.157600 ms MarkObjects: 2.507100 ms  DeleteObjects: 0.026600 ms)

========================================================================
Received Import Request.
  Time since last request: 2998.867620 seconds.
  path: Assets/Rusty Vehicles/Textures/1K_Hillbilly_Spec.tif
  artifactKey: Guid(5155a42fb9badb6449be7cba6e97ebe7) Importer(815301076,1909f56bfc062723c751e8b465ee728b)
Start importing Assets/Rusty Vehicles/Textures/1K_Hillbilly_Spec.tif using Guid(5155a42fb9badb6449be7cba6e97ebe7) Importer(815301076,1909f56bfc062723c751e8b465ee728b)  -> (artifact id: '2b732aa19b423b0f7f2713c71d0e9413') in 0.093168 seconds
  Import took 0.105450 seconds .

========================================================================
Received Import Request.
  Time since last request: 0.000270 seconds.
  path: Assets/Medieval Bridge/Texture and Materials/Flag/FLAG_NRM.png
  artifactKey: Guid(2f3ed9eaa78a1b0479ae0135d204e84b) Importer(815301076,1909f56bfc062723c751e8b465ee728b)
Start importing Assets/Medieval Bridge/Texture and Materials/Flag/FLAG_NRM.png using Guid(2f3ed9eaa78a1b0479ae0135d204e84b) Importer(815301076,1909f56bfc062723c751e8b465ee728b)  -> (artifact id: 'a5b916e39290df78f2594396e3ffc4de') in 0.065936 seconds
  Import took 0.073769 seconds .

========================================================================
Received Import Request.
  Time since last request: 0.000242 seconds.
  path: Assets/Pickup/Textures/Body/2048/Damaged_Dirt/Damaged_Dirt_2048_AlbedoTransparency.png
  artifactKey: Guid(36926672e626188458ce6a8b991b4575) Importer(815301076,1909f56bfc062723c751e8b465ee728b)
Start importing Assets/Pickup/Textures/Body/2048/Damaged_Dirt/Damaged_Dirt_2048_AlbedoTransparency.png using Guid(36926672e626188458ce6a8b991b4575) Importer(815301076,1909f56bfc062723c751e8b465ee728b)  -> (artifact id: '520fcaa2cd6c20981a2c235f9aca51e9') in 0.040421 seconds
  Import took 0.049386 seconds .

========================================================================
Received Import Request.
  Time since last request: 0.000251 seconds.
  path: Assets/Pickup/Textures/Body/4096/Damaged/Damaged_4096_MetallicSmoothness.png
  artifactKey: Guid(ec85bba1a86b0744cb5466793dcfefaa) Importer(815301076,1909f56bfc062723c751e8b465ee728b)
Start importing Assets/Pickup/Textures/Body/4096/Damaged/Damaged_4096_MetallicSmoothness.png using Guid(ec85bba1a86b0744cb5466793dcfefaa) Importer(815301076,1909f56bfc062723c751e8b465ee728b)  -> (artifact id: 'ef3941ac2b73cecb94d92b1d0959e731') in 0.039367 seconds
  Import took 0.046951 seconds .

========================================================================
Received Import Request.
  Time since last request: 0.000233 seconds.
  path: Assets/Rusty Vehicles/Textures/1K_Vehicle_TXTR.tif
  artifactKey: Guid(da8a5221c61706b4eb76a4113b848085) Importer(815301076,1909f56bfc062723c751e8b465ee728b)
Start importing Assets/Rusty Vehicles/Textures/1K_Vehicle_TXTR.tif using Guid(da8a5221c61706b4eb76a4113b848085) Importer(815301076,1909f56bfc062723c751e8b465ee728b)  -> (artifact id: '7e14b1fc28315648bb2d063b3a9cb1da') in 0.018995 seconds
  Import took 0.027799 seconds .

========================================================================
Received Import Request.
  Time since last request: 0.000250 seconds.
  path: Assets/Rusty Vehicles/Textures/1K_Hillbilly_TXTR.tif
  artifactKey: Guid(b13e38128b1d8c8439db5257d652c0f3) Importer(815301076,1909f56bfc062723c751e8b465ee728b)
Start importing Assets/Rusty Vehicles/Textures/1K_Hillbilly_TXTR.tif using Guid(b13e38128b1d8c8439db5257d652c0f3) Importer(815301076,1909f56bfc062723c751e8b465ee728b)  -> (artifact id: 'afa95c96b4c92b528a334958af5da825') in 0.016423 seconds
  Import took 0.024134 seconds .

========================================================================
Received Import Request.
  Time since last request: 0.000244 seconds.
  path: Assets/Pickup/Textures/Body/4096/Damaged_Dirt/Damaged_Dirt_4096_Normal.png
  artifactKey: Guid(e8b9ad8ae3eb85f4ba6ff73897e3b4ab) Importer(815301076,1909f56bfc062723c751e8b465ee728b)
Start importing Assets/Pickup/Textures/Body/4096/Damaged_Dirt/Damaged_Dirt_4096_Normal.png using Guid(e8b9ad8ae3eb85f4ba6ff73897e3b4ab) Importer(815301076,1909f56bfc062723c751e8b465ee728b)  -> (artifact id: 'fc882f50c270d8a24fbad3445ba9bd94') in 0.023834 seconds
  Import took 0.031582 seconds .

========================================================================
Received Import Request.
  Time since last request: 0.000260 seconds.
  path: Assets/Rusty Vehicles/Textures/1K_Hillbilly_TXTR+Spec.tif
  artifactKey: Guid(2b91a5df8415f2745a4d7f2c2ef1b71f) Importer(815301076,1909f56bfc062723c751e8b465ee728b)
Start importing Assets/Rusty Vehicles/Textures/1K_Hillbilly_TXTR+Spec.tif using Guid(2b91a5df8415f2745a4d7f2c2ef1b71f) Importer(815301076,1909f56bfc062723c751e8b465ee728b)  -> (artifact id: '4a9b5c3c1ec10ec645fbb4542433faea') in 0.017609 seconds
  Import took 0.025865 seconds .

========================================================================
Received Import Request.
  Time since last request: 0.000362 seconds.
  path: Assets/Pickup/Textures/Body/2048/Damaged/Damaged_2048_AlbedoTransparency.png
  artifactKey: Guid(18d42915b68c9f24bbbe48e1d11d8fe0) Importer(815301076,1909f56bfc062723c751e8b465ee728b)
Start importing Assets/Pickup/Textures/Body/2048/Damaged/Damaged_2048_AlbedoTransparency.png using Guid(18d42915b68c9f24bbbe48e1d11d8fe0) Importer(815301076,1909f56bfc062723c751e8b465ee728b)  -> (artifact id: 'bb8c2a72895539086c57ec91567e32bc') in 0.020693 seconds
  Import took 0.027959 seconds .

========================================================================
Received Import Request.
  Time since last request: 0.000262 seconds.
  path: Assets/Pickup/Textures/Body/4096/Damaged_Dirt/Damaged_Dirt_4096_MetallicSmoothness.png
  artifactKey: Guid(8356768b54458584b895e1ac38e5f77e) Importer(815301076,1909f56bfc062723c751e8b465ee728b)
Start importing Assets/Pickup/Textures/Body/4096/Damaged_Dirt/Damaged_Dirt_4096_MetallicSmoothness.png using Guid(8356768b54458584b895e1ac38e5f77e) Importer(815301076,1909f56bfc062723c751e8b465ee728b)  -> (artifact id: 'dc7031bea72acae4947e8e28c49dc971') in 0.041318 seconds
  Import took 0.049619 seconds .

========================================================================
Received Import Request.
  Time since last request: 0.000261 seconds.
  path: Assets/Rusty Vehicles/Textures/1K_Vehicle_TXTR+Spec.tif
  artifactKey: Guid(8e2f051c17efcfc4081b2ecd0dde9ef5) Importer(815301076,1909f56bfc062723c751e8b465ee728b)
Start importing Assets/Rusty Vehicles/Textures/1K_Vehicle_TXTR+Spec.tif using Guid(8e2f051c17efcfc4081b2ecd0dde9ef5) Importer(815301076,1909f56bfc062723c751e8b465ee728b)  -> (artifact id: 'afce7555d9f20c310ded81ca50b7f4ea') in 0.023118 seconds
  Import took 0.030735 seconds .

========================================================================
Received Import Request.
  Time since last request: 0.000407 seconds.
  path: Assets/Pickup/Textures/Body/512/Damaged/Damaged_512_AlbedoTransparency.png
  artifactKey: Guid(6ed4ea215d165d64297b37dbc2cab1e3) Importer(815301076,1909f56bfc062723c751e8b465ee728b)
Start importing Assets/Pickup/Textures/Body/512/Damaged/Damaged_512_AlbedoTransparency.png using Guid(6ed4ea215d165d64297b37dbc2cab1e3) Importer(815301076,1909f56bfc062723c751e8b465ee728b)  -> (artifact id: 'cd84f652505864177ee4a9ccba82a883') in 0.014549 seconds
  Import took 0.022204 seconds .

========================================================================
Received Import Request.
  Time since last request: 0.000285 seconds.
  path: Assets/Pickup/Textures/Body/512/Damaged/Damaged_512_Normal.png
  artifactKey: Guid(38b52e34b55fbca45b7f83a2cf40a81d) Importer(815301076,1909f56bfc062723c751e8b465ee728b)
Start importing Assets/Pickup/Textures/Body/512/Damaged/Damaged_512_Normal.png using Guid(38b52e34b55fbca45b7f83a2cf40a81d) Importer(815301076,1909f56bfc062723c751e8b465ee728b)  -> (artifact id: 'eeb5d5ff7c1fc6ceb0fd9e467bb6864b') in 0.015929 seconds
  Import took 0.024758 seconds .

========================================================================
Received Import Request.
  Time since last request: 0.000277 seconds.
  path: Assets/Pickup/Textures/Body/2048/Damaged_Dirt/Damaged_Dirt_2048_MetallicSmoothness.png
  artifactKey: Guid(00d8e5f014be94842a9ac92381cf8387) Importer(815301076,1909f56bfc062723c751e8b465ee728b)
Start importing Assets/Pickup/Textures/Body/2048/Damaged_Dirt/Damaged_Dirt_2048_MetallicSmoothness.png using Guid(00d8e5f014be94842a9ac92381cf8387) Importer(815301076,1909f56bfc062723c751e8b465ee728b)  -> (artifact id: 'd4f99b65fc288655bb6ddc7b2271c4e6') in 0.036839 seconds
  Import took 0.044786 seconds .

========================================================================
Received Import Request.
  Time since last request: 0.000238 seconds.
  path: Assets/Pickup/Textures/Body/4096/Damaged_Dirt/Damaged_Dirt_4096_AlbedoTransparency.png
  artifactKey: Guid(bff59bc19329e26498a7797bf2a937cf) Importer(815301076,1909f56bfc062723c751e8b465ee728b)
Start importing Assets/Pickup/Textures/Body/4096/Damaged_Dirt/Damaged_Dirt_4096_AlbedoTransparency.png using Guid(bff59bc19329e26498a7797bf2a937cf) Importer(815301076,1909f56bfc062723c751e8b465ee728b)  -> (artifact id: '9f0fbfa54f4797c02a72464ecd590de2') in 0.022185 seconds
  Import took 0.030733 seconds .

========================================================================
Received Import Request.
  Time since last request: 0.000274 seconds.
  path: Assets/Pickup/Textures/Body/4096/Damaged/Damaged_4096_AlbedoTransparency.png
  artifactKey: Guid(734c6ffb6908f4d438b1512028dc5dd8) Importer(815301076,1909f56bfc062723c751e8b465ee728b)
Start importing Assets/Pickup/Textures/Body/4096/Damaged/Damaged_4096_AlbedoTransparency.png using Guid(734c6ffb6908f4d438b1512028dc5dd8) Importer(815301076,1909f56bfc062723c751e8b465ee728b)  -> (artifact id: 'db9eda3e730d77e5675fa14cc5574be6') in 0.014323 seconds
  Import took 0.022980 seconds .

========================================================================
Received Import Request.
  Time since last request: 0.000281 seconds.
  path: Assets/Medieval Bridge/Texture and Materials/Flag/Flag_4.png
  artifactKey: Guid(3c33c067e08fd5646aff268506afcaed) Importer(815301076,1909f56bfc062723c751e8b465ee728b)
Start importing Assets/Medieval Bridge/Texture and Materials/Flag/Flag_4.png using Guid(3c33c067e08fd5646aff268506afcaed) Importer(815301076,1909f56bfc062723c751e8b465ee728b)  -> (artifact id: 'ff330cfa1b1b031386bcd55952da0c61') in 0.012707 seconds
  Import took 0.020595 seconds .

========================================================================
Received Import Request.
  Time since last request: 0.000246 seconds.
  path: Assets/Nokobot/Modern Guns - Handgun/Textures/45ACP_Bullet_Normal.png
  artifactKey: Guid(df9023114d04044448b061e46927ce9d) Importer(815301076,1909f56bfc062723c751e8b465ee728b)
Start importing Assets/Nokobot/Modern Guns - Handgun/Textures/45ACP_Bullet_Normal.png using Guid(df9023114d04044448b061e46927ce9d) Importer(815301076,1909f56bfc062723c751e8b465ee728b)  -> (artifact id: 'a2a32884980f5072a90ea70e81a47b11') in 0.011456 seconds
  Import took 0.018757 seconds .

========================================================================
Received Import Request.
  Time since last request: 0.000486 seconds.
  path: Assets/Pickup/Textures/Body/512/Damaged_Dirt/Damaged_Dirt_512_MetallicSmoothness.png
  artifactKey: Guid(f3390cd1f1ce45544b208e335c877ac0) Importer(815301076,1909f56bfc062723c751e8b465ee728b)
Start importing Assets/Pickup/Textures/Body/512/Damaged_Dirt/Damaged_Dirt_512_MetallicSmoothness.png using Guid(f3390cd1f1ce45544b208e335c877ac0) Importer(815301076,1909f56bfc062723c751e8b465ee728b)  -> (artifact id: 'bd769a4024c77d1556318f0db029b189') in 0.014880 seconds
  Import took 0.021923 seconds .

========================================================================
Received Import Request.
  Time since last request: 0.000233 seconds.
  path: Assets/Pickup/Textures/Body/512/Damaged_Dirt/Damaged_Dirt_512_Normal.png
  artifactKey: Guid(938e8e7d0b38c85418c60f7051fc7eec) Importer(815301076,1909f56bfc062723c751e8b465ee728b)
Start importing Assets/Pickup/Textures/Body/512/Damaged_Dirt/Damaged_Dirt_512_Normal.png using Guid(938e8e7d0b38c85418c60f7051fc7eec) Importer(815301076,1909f56bfc062723c751e8b465ee728b)  -> (artifact id: 'a4181d00411007a251b91fc6fb3f110c') in 0.014168 seconds
  Import took 0.022341 seconds .

========================================================================
Received Import Request.
  Time since last request: 0.000253 seconds.
  path: Assets/Pickup/Textures/Body/512/Damaged/Damaged_512_MetallicSmoothness.png
  artifactKey: Guid(7bb30927118a1a34c91764a64eb78ce5) Importer(815301076,1909f56bfc062723c751e8b465ee728b)
Start importing Assets/Pickup/Textures/Body/512/Damaged/Damaged_512_MetallicSmoothness.png using Guid(7bb30927118a1a34c91764a64eb78ce5) Importer(815301076,1909f56bfc062723c751e8b465ee728b)  -> (artifact id: '79a5972798d53d704d76dab38052f5fe') in 0.015987 seconds
  Import took 0.024327 seconds .

========================================================================
Received Import Request.
  Time since last request: 0.000252 seconds.
  path: Assets/Nokobot/Modern Guns - Handgun/Textures/45ACP_Bullet_Albedo_Silver.png
  artifactKey: Guid(eff506c84ac90d34c81e139f3e96a2ba) Importer(815301076,1909f56bfc062723c751e8b465ee728b)
Start importing Assets/Nokobot/Modern Guns - Handgun/Textures/45ACP_Bullet_Albedo_Silver.png using Guid(eff506c84ac90d34c81e139f3e96a2ba) Importer(815301076,1909f56bfc062723c751e8b465ee728b)  -> (artifact id: 'f5def9690935514a084125ec10a8a48e') in 0.012275 seconds
  Import took 0.020269 seconds .

========================================================================
Received Import Request.
  Time since last request: 0.000251 seconds.
  path: Assets/Pickup/Textures/Body/512/Damaged_Dirt/Damaged_Dirt_512_AlbedoTransparency.png
  artifactKey: Guid(c8d03a3f5632b6443a79bee18eec3b3f) Importer(815301076,1909f56bfc062723c751e8b465ee728b)
Start importing Assets/Pickup/Textures/Body/512/Damaged_Dirt/Damaged_Dirt_512_AlbedoTransparency.png using Guid(c8d03a3f5632b6443a79bee18eec3b3f) Importer(815301076,1909f56bfc062723c751e8b465ee728b)  -> (artifact id: 'b8c307eaedf9d3bc20e05b2a8a01f57e') in 0.014328 seconds
  Import took 0.024660 seconds .

========================================================================
Received Import Request.
  Time since last request: 0.000279 seconds.
  path: Assets/Pickup/Textures/Body/4096/Damaged/Damaged_4096_Normal.png
  artifactKey: Guid(e2dda911ac8b69342909303b9ac691b9) Importer(815301076,1909f56bfc062723c751e8b465ee728b)
Start importing Assets/Pickup/Textures/Body/4096/Damaged/Damaged_4096_Normal.png using Guid(e2dda911ac8b69342909303b9ac691b9) Importer(815301076,1909f56bfc062723c751e8b465ee728b)  -> (artifact id: '80682b77606dfd8e130e9c550c280811') in 0.018161 seconds
  Import took 0.026032 seconds .

========================================================================
Received Import Request.
  Time since last request: 0.000349 seconds.
  path: Assets/Pickup/Textures/Body/2048/Damaged/Damaged_2048_Normal.png
  artifactKey: Guid(664aa810386e8704d8cbe3da7b2e321c) Importer(815301076,1909f56bfc062723c751e8b465ee728b)
Start importing Assets/Pickup/Textures/Body/2048/Damaged/Damaged_2048_Normal.png using Guid(664aa810386e8704d8cbe3da7b2e321c) Importer(815301076,1909f56bfc062723c751e8b465ee728b)  -> (artifact id: '934d4e22fdeb90e7a185a3079c07fc76') in 0.020758 seconds
  Import took 0.028449 seconds .

========================================================================
Received Import Request.
  Time since last request: 0.000292 seconds.
  path: Assets/Rusty Vehicles/Textures/1K_Vehicle_Spec.tif
  artifactKey: Guid(310c1dce42aefbe4ca59173c4bcb4b3e) Importer(815301076,1909f56bfc062723c751e8b465ee728b)
Start importing Assets/Rusty Vehicles/Textures/1K_Vehicle_Spec.tif using Guid(310c1dce42aefbe4ca59173c4bcb4b3e) Importer(815301076,1909f56bfc062723c751e8b465ee728b)  -> (artifact id: '773d760c5839d6603357d8dab5d0732c') in 0.014356 seconds
  Import took 0.021540 seconds .

========================================================================
Received Import Request.
  Time since last request: 0.000254 seconds.
  path: Assets/Rusty Vehicles/Textures/1K_Hillbilly_Spec.tif
  artifactKey: Guid(5155a42fb9badb6449be7cba6e97ebe7) Importer(815301076,1909f56bfc062723c751e8b465ee728b)
Start importing Assets/Rusty Vehicles/Textures/1K_Hillbilly_Spec.tif using Guid(5155a42fb9badb6449be7cba6e97ebe7) Importer(815301076,1909f56bfc062723c751e8b465ee728b)  -> (artifact id: '2b732aa19b423b0f7f2713c71d0e9413') in 0.012852 seconds
  Import took 0.019513 seconds .

========================================================================
Received Import Request.
  Time since last request: 0.000237 seconds.
  path: Assets/Pickup/Textures/Body/2048/Damaged_Dirt/Damaged_Dirt_2048_Normal.png
  artifactKey: Guid(12b6e45f7661dcb489b743761d9bf8ba) Importer(815301076,1909f56bfc062723c751e8b465ee728b)
Start importing Assets/Pickup/Textures/Body/2048/Damaged_Dirt/Damaged_Dirt_2048_Normal.png using Guid(12b6e45f7661dcb489b743761d9bf8ba) Importer(815301076,1909f56bfc062723c751e8b465ee728b)  -> (artifact id: '4562ebabe0847dd270d850bd6959158d') in 0.021298 seconds
  Import took 0.030128 seconds .

========================================================================
Received Import Request.
  Time since last request: 0.000278 seconds.
  path: Assets/Pickup/Textures/Frame/512/FrameTextures_512/Frame_512_AlbedoTransparency.png
  artifactKey: Guid(ac13b8a490d15dd469173a79a9e4c5ce) Importer(815301076,1909f56bfc062723c751e8b465ee728b)
Start importing Assets/Pickup/Textures/Frame/512/FrameTextures_512/Frame_512_AlbedoTransparency.png using Guid(ac13b8a490d15dd469173a79a9e4c5ce) Importer(815301076,1909f56bfc062723c751e8b465ee728b)  -> (artifact id: '02e383ee371866a64f3015a6f91a29cc') in 0.013033 seconds
  Import took 0.020954 seconds .

========================================================================
Received Import Request.
  Time since last request: 0.000250 seconds.
  path: Assets/Pickup/Textures/Body/2048/Damaged/Damaged_2048_MetallicSmoothness.png
  artifactKey: Guid(63a696b844128ce428168dc727f68d5f) Importer(815301076,1909f56bfc062723c751e8b465ee728b)
Start importing Assets/Pickup/Textures/Body/2048/Damaged/Damaged_2048_MetallicSmoothness.png using Guid(63a696b844128ce428168dc727f68d5f) Importer(815301076,1909f56bfc062723c751e8b465ee728b)  -> (artifact id: '0c4aa5cf81261bb0fc102cf108d0e504') in 0.041213 seconds
  Import took 0.050295 seconds .

========================================================================
Received Prepare
Registering precompiled user dll's ...
Registered in 0.008327 seconds.
Begin MonoManager ReloadAssembly
Native extension for WindowsStandalone target not found
Refreshing native plugins compatible for Editor in 0.79 ms, found 0 plugins.
Preloading 0 native plugins for Editor in 0.00 ms.
Invoked RoslynAnalysisRunner static constructor.
RoslynAnalysisRunner will not be running.
RoslynAnalysisRunner has terminated.
Mono: successfully reloaded assembly
- Completed reload, in  1.990 seconds
Platform modules already initialized, skipping
Refreshing native plugins compatible for Editor in 0.75 ms, found 0 plugins.
Preloading 0 native plugins for Editor in 0.00 ms.
Unloading 3452 Unused Serialized files (Serialized files now loaded: 0)
System memory in use before: 185.2 MB.
System memory in use after: 185.4 MB.

Unloading 6 unused Assets to reduce memory usage. Loaded Objects now: 4124.
Total: 3.352100 ms (FindLiveObjects: 0.396400 ms CreateObjectMapping: 0.161200 ms MarkObjects: 2.723200 ms  DeleteObjects: 0.068700 ms)

AssetImportWorkerClient::OnTransportError - code=2 error=End of file
